18.01.2022 18:48:02
@{Name=Idle; CPU=771; PID=0}
@{Name=avguard; CPU=11; PID=4236}
@{Name=Taskmgr; CPU=5; PID=13500}
@{Name=WmiPrvSE#1; CPU=5; PID=17720}
@{Name=dwm; CPU=5; PID=17648}
@{Name=explorer; CPU=5; PID=7368}
@{Name=svchost#1; CPU=0; PID=1316}
@{Name=svchost#5; CPU=0; PID=1604}
@{Name=svchost#4; CPU=0; PID=1596}
@{Name=svchost#3; CPU=0; PID=1588}
@{Name=svchost#2; CPU=0; PID=1372}
@{Name=steamwebhelper#3; CPU=0; PID=16768}
@{Name=steamwebhelper#2; CPU=0; PID=6796}
@{Name=steamwebhelper#1; CPU=0; PID=17468}
@{Name=steamwebhelper#4; CPU=0; PID=17836}
@{Name=svchost; CPU=0; PID=1192}
@{Name=steamwebhelper#6; CPU=0; PID=12488}
@{Name=steamwebhelper#5; CPU=0; PID=13504}
@{Name=svchost#15; CPU=0; PID=2228}
@{Name=svchost#14; CPU=0; PID=1336}
@{Name=svchost#13; CPU=0; PID=2040}
@{Name=svchost#16; CPU=0; PID=2296}
@{Name=svchost#19; CPU=0; PID=2412}
@{Name=svchost#18; CPU=0; PID=2404}
@{Name=svchost#17; CPU=0; PID=2324}
@{Name=svchost#8; CPU=0; PID=1752}
@{Name=svchost#7; CPU=0; PID=1744}
@{Name=svchost#6; CPU=0; PID=1736}
@{Name=svchost#9; CPU=0; PID=1760}
@{Name=svchost#12; CPU=0; PID=2004}
@{Name=svchost#11; CPU=0; PID=1988}
@{Name=svchost#10; CPU=0; PID=1768}
@{Name=steamwebhelper; CPU=0; PID=3140}
@{Name=notepad#3; CPU=0; PID=4532}
@{Name=notepad#2; CPU=0; PID=7812}
@{Name=notepad#1; CPU=0; PID=19060}
@{Name=notepad#4; CPU=0; PID=17200}
@{Name=notepad#7; CPU=0; PID=5012}
@{Name=notepad#6; CPU=0; PID=4056}
@{Name=notepad#5; CPU=0; PID=20008}
@{Name=fontdrvhost#1; CPU=0; PID=18368}
@{Name=fontdrvhost; CPU=0; PID=1220}
@{Name=dllhost; CPU=0; PID=8376}
@{Name=jusched; CPU=0; PID=16000}
@{Name=notepad; CPU=0; PID=1240}
@{Name=node; CPU=0; PID=1720}
@{Name=lsass; CPU=0; PID=1056}
@{Name=powershell; CPU=0; PID=17920}
@{Name=sqlceip; CPU=0; PID=4908}
@{Name=spoolsv; CPU=0; PID=3688}
@{Name=smss; CPU=0; PID=456}
@{Name=sqlservr; CPU=0; PID=4900}
@{Name=steamservice; CPU=0; PID=17452}
@{Name=steam; CPU=0; PID=14056}
@{Name=sqlwriter; CPU=0; PID=4388}
@{Name=protectedservice; CPU=0; PID=4380}
@{Name=powershell_ise; CPU=0; PID=6524}
@{Name=powershell#1; CPU=0; PID=10220}
@{Name=sched; CPU=0; PID=3792}
@{Name=smartscreen; CPU=0; PID=6908}
@{Name=sihost; CPU=0; PID=18020}
@{Name=services; CPU=0; PID=1048}
@{Name=svchost#61; CPU=0; PID=7980}
@{Name=svchost#60; CPU=0; PID=13728}
@{Name=svchost#59; CPU=0; PID=4452}
@{Name=svchost#62; CPU=0; PID=10684}
@{Name=svchost#65; CPU=0; PID=3248}
@{Name=svchost#64; CPU=0; PID=10548}
@{Name=svchost#63; CPU=0; PID=6492}
@{Name=svchost#58; CPU=0; PID=1496}
@{Name=svchost#53; CPU=0; PID=6284}
@{Name=svchost#52; CPU=0; PID=4928}
@{Name=svchost#51; CPU=0; PID=4836}
@{Name=svchost#54; CPU=0; PID=6560}
@{Name=svchost#57; CPU=0; PID=8044}
@{Name=svchost#56; CPU=0; PID=7880}
@{Name=svchost#55; CPU=0; PID=6584}
@{Name=svchost#76; CPU=0; PID=8896}
@{Name=svchost#75; CPU=0; PID=3900}
@{Name=svchost#74; CPU=0; PID=16520}
@{Name=svchost#77; CPU=0; PID=20236}
@{Name=winlogon; CPU=0; PID=11964}
@{Name=wininit; CPU=0; PID=988}
@{Name=taskhostw; CPU=0; PID=8188}
@{Name=svchost#73; CPU=0; PID=17624}
@{Name=svchost#68; CPU=0; PID=12876}
@{Name=svchost#67; CPU=0; PID=7572}
@{Name=svchost#66; CPU=0; PID=2760}
@{Name=svchost#69; CPU=0; PID=18104}
@{Name=svchost#72; CPU=0; PID=12368}
@{Name=svchost#71; CPU=0; PID=13560}
@{Name=svchost#70; CPU=0; PID=17956}
@{Name=svchost#50; CPU=0; PID=4812}
@{Name=svchost#30; CPU=0; PID=3200}
@{Name=svchost#29; CPU=0; PID=3052}
@{Name=svchost#28; CPU=0; PID=3044}
@{Name=svchost#31; CPU=0; PID=3300}
@{Name=svchost#34; CPU=0; PID=3464}
@{Name=svchost#33; CPU=0; PID=3316}
@{Name=svchost#32; CPU=0; PID=3308}
@{Name=svchost#27; CPU=0; PID=3012}
@{Name=svchost#22; CPU=0; PID=2720}
@{Name=svchost#21; CPU=0; PID=2620}
@{Name=svchost#20; CPU=0; PID=2580}
@{Name=svchost#23; CPU=0; PID=2772}
@{Name=svchost#26; CPU=0; PID=2868}
@{Name=svchost#25; CPU=0; PID=2860}
@{Name=svchost#24; CPU=0; PID=2852}
@{Name=svchost#45; CPU=0; PID=4348}
@{Name=svchost#44; CPU=0; PID=4340}
@{Name=svchost#43; CPU=0; PID=4304}
@{Name=svchost#46; CPU=0; PID=4368}
@{Name=svchost#49; CPU=0; PID=4460}
@{Name=svchost#48; CPU=0; PID=4408}
@{Name=svchost#47; CPU=0; PID=4396}
@{Name=svchost#42; CPU=0; PID=4296}
@{Name=svchost#37; CPU=0; PID=3784}
@{Name=svchost#36; CPU=0; PID=3596}
@{Name=svchost#35; CPU=0; PID=3548}
@{Name=svchost#38; CPU=0; PID=3844}
@{Name=svchost#41; CPU=0; PID=4260}
@{Name=svchost#40; CPU=0; PID=4244}
@{Name=svchost#39; CPU=0; PID=4012}
@{Name=ctfmon; CPU=0; PID=3488}
@{Name=QtWebEngineProcess#3; CPU=0; PID=18004}
@{Name=QtWebEngineProcess#2; CPU=0; PID=7700}
@{Name=QtWebEngineProcess#1; CPU=0; PID=10356}
@{Name=QtWebEngineProcess#4; CPU=0; PID=15724}
@{Name=Registry; CPU=0; PID=124}
@{Name=RadeonSoftware; CPU=0; PID=10840}
@{Name=QtWebEngineProcess#5; CPU=0; PID=15176}
@{Name=OriginClientService; CPU=0; PID=8384}
@{Name=Origin; CPU=0; PID=11312}
@{Name=OneDrive; CPU=0; PID=12776}
@{Name=OriginWebHelperService; CPU=0; PID=4424}
@{Name=QtWebEngineProcess; CPU=0; PID=16584}
@{Name=QcomWlanSrvx64; CPU=0; PID=4316}
@{Name=PnkBstrA; CPU=0; PID=4332}
@{Name=RtkAudUService64; CPU=0; PID=4324}
@{Name=SearchApp; CPU=0; PID=14384}
@{Name=RuntimeBroker#7; CPU=0; PID=8736}
@{Name=RuntimeBroker#6; CPU=0; PID=7792}
@{Name=SearchFilterHost; CPU=0; PID=7372}
@{Name=SecurityHealthService; CPU=0; PID=10812}
@{Name=SearchProtocolHost; CPU=0; PID=19752}
@{Name=SearchIndexer; CPU=0; PID=8276}
@{Name=RuntimeBroker#1; CPU=0; PID=15468}
@{Name=RuntimeBroker; CPU=0; PID=15160}
@{Name=RtkAudUService64#1; CPU=0; PID=8428}
@{Name=RuntimeBroker#2; CPU=0; PID=8088}
@{Name=RuntimeBroker#5; CPU=0; PID=13524}
@{Name=RuntimeBroker#4; CPU=0; PID=8164}
@{Name=RuntimeBroker#3; CPU=0; PID=15840}
@{Name=MoUsoCoreWorker; CPU=0; PID=6168}
@{Name=CBKClientService; CPU=0; PID=4280}
@{Name=Avira.Systray; CPU=0; PID=11232}
@{Name=Avira.ServiceHost; CPU=0; PID=4820}
@{Name=CCXProcess; CPU=0; PID=256}
@{Name=Cortana; CPU=0; PID=7608}
@{Name=Calculator; CPU=0; PID=1984}
@{Name=CPUMetricsServer; CPU=0; PID=1556}
@{Name=AdminService; CPU=0; PID=4252}
@{Name=AMDRSSrcExt; CPU=0; PID=15300}
@{Name=AMDRSServ; CPU=0; PID=8308}
@{Name=AdobeIPCBroker; CPU=0; PID=13720}
@{Name=ApplicationFrameHost; CPU=0; PID=7872}
@{Name=AnyDesk#1; CPU=0; PID=17284}
@{Name=AnyDesk; CPU=0; PID=4268}
@{Name=Discord; CPU=0; PID=16148}
@{Name=HxAccounts; CPU=0; PID=7068}
@{Name=FoxitPDFReaderUpdateService; CPU=0; PID=4360}
@{Name=EpicWebHelper#1; CPU=0; PID=3448}
@{Name=HxOutlook; CPU=0; PID=2804}
@{Name=Microsoft.Photos; CPU=0; PID=10732}
@{Name=Memory Compression; CPU=0; PID=2972}
@{Name=HxTsr; CPU=0; PID=9540}
@{Name=Discord#3; CPU=0; PID=4376}
@{Name=Discord#2; CPU=0; PID=10492}
@{Name=Discord#1; CPU=0; PID=15472}
@{Name=Discord#4; CPU=0; PID=7516}
@{Name=EpicWebHelper; CPU=0; PID=2284}
@{Name=EpicGamesLauncher; CPU=0; PID=17736}
@{Name=Discord#5; CPU=0; PID=6108}
@{Name=SecurityHealthSystray; CPU=0; PID=6960}
@{Name=chrome#18; CPU=0; PID=3220}
@{Name=chrome#17; CPU=0; PID=11888}
@{Name=chrome#16; CPU=0; PID=16292}
@{Name=chrome#19; CPU=0; PID=6748}
@{Name=chrome#22; CPU=0; PID=12364}
@{Name=chrome#21; CPU=0; PID=9744}
@{Name=chrome#20; CPU=0; PID=9020}
@{Name=chrome#11; CPU=0; PID=17696}
@{Name=chrome#10; CPU=0; PID=12168}
@{Name=chrome#9; CPU=0; PID=15212}
@{Name=chrome#12; CPU=0; PID=2668}
@{Name=chrome#15; CPU=0; PID=9444}
@{Name=chrome#14; CPU=0; PID=1932}
@{Name=chrome#13; CPU=0; PID=11768}
@{Name=chrome#23; CPU=0; PID=10608}
@{Name=conhost; CPU=0; PID=14792}
@{Name=cncmd; CPU=0; PID=17472}
@{Name=chrome#31; CPU=0; PID=13960}
@{Name=conhost#1; CPU=0; PID=9128}
@{Name=csrss#1; CPU=0; PID=144}
@{Name=csrss; CPU=0; PID=812}
@{Name=conhost#2; CPU=0; PID=8216}
@{Name=chrome#26; CPU=0; PID=16232}
@{Name=chrome#25; CPU=0; PID=1160}
@{Name=chrome#24; CPU=0; PID=7224}
@{Name=chrome#27; CPU=0; PID=12832}
@{Name=chrome#30; CPU=0; PID=20316}
@{Name=chrome#29; CPU=0; PID=10872}
@{Name=chrome#28; CPU=0; PID=3504}
@{Name=chrome#8; CPU=0; PID=10664}
@{Name=SystemSettings; CPU=0; PID=8684}
@{Name=StartMenuExperienceHost; CPU=0; PID=3664}
@{Name=Spotify#5; CPU=0; PID=12940}
@{Name=TextInputHost; CPU=0; PID=6528}
@{Name=WmiPrvSE; CPU=0; PID=13724}
@{Name=WmiApSrv; CPU=0; PID=2780}
@{Name=Win32Bridge.Server; CPU=0; PID=9176}
@{Name=Spotify; CPU=0; PID=13328}
@{Name=ShellExperienceHost; CPU=0; PID=2276}
@{Name=SgrmBroker; CPU=0; PID=11816}
@{Name=Spotify#1; CPU=0; PID=15096}
@{Name=Spotify#4; CPU=0; PID=5792}
@{Name=Spotify#3; CPU=0; PID=9436}
@{Name=Spotify#2; CPU=0; PID=16312}
@{Name=WmiPrvSE#2; CPU=0; PID=18992}
@{Name=chrome#3; CPU=0; PID=10216}
@{Name=chrome#2; CPU=0; PID=7660}
@{Name=chrome#1; CPU=0; PID=10196}
@{Name=chrome#4; CPU=0; PID=17816}
@{Name=chrome#7; CPU=0; PID=14836}
@{Name=chrome#6; CPU=0; PID=11984}
@{Name=chrome#5; CPU=0; PID=13148}
@{Name=atiesrxx; CPU=0; PID=2492}
@{Name=atieclxx; CPU=0; PID=18092}
@{Name=amdfendrsr; CPU=0; PID=2500}
@{Name=audiodg; CPU=0; PID=16356}
@{Name=chrome; CPU=0; PID=10076}
@{Name=avshadow; CPU=0; PID=8688}
@{Name=avgnt; CPU=0; PID=16732}
